# JRE version: OpenJDK Runtime Environment Temurin-17.0.4+8 (17.0.4+8) (build 17.0.4+8)
# Java VM: OpenJDK 64-Bit Server VM Temurin-17.0.4+8 (17.0.4+8, mixed mode, sharing, tiered, compressed oops, compressed class ptrs, g1 gc, windows-amd64)
GC Precious Log:
 CPUs: 4 total, 4 available
 Memory: 3863M
 Large Page Support: Disabled
 NUMA Support: Disabled
 Compressed Oops: Enabled (32-bit)
 Heap Region Size: 1M
 Heap Min Capacity: 8M
 Heap Initial Capacity: 62M
 Heap Max Capacity: 966M
 Pre-touch: Disabled
 Parallel Workers: 4
 Concurrent Workers: 1
 Concurrent Refinement Workers: 4
 Periodic GC: Disabled
Heap:
 garbage-first heap   total 51200K, used 25057K [0x00000000c3a00000, 0x0000000100000000)
  region size 1024K, 8 young (8192K), 3 survivors (3072K)
 Metaspace       used 40965K, committed 41344K, reserved 1089536K
  class space    used 5463K, committed 5632K, reserved 1048576K
GC Heap History (20 events):
Event: 1.335 GC heap before
{Heap before GC invocations=0 (full 0):
 garbage-first heap   total 63488K, used 15360K [0x00000000c3a00000, 0x0000000100000000)
  region size 1024K, 13 young (13312K), 0 survivors (0K)
 Metaspace       used 3392K, committed 3584K, reserved 1056768K
  class space    used 355K, committed 448K, reserved 1048576K
}
Event: 1.345 GC heap after
{Heap after GC invocations=1 (full 0):
 garbage-first heap   total 63488K, used 6883K [0x00000000c3a00000, 0x0000000100000000)
  region size 1024K, 2 young (2048K), 2 survivors (2048K)
 Metaspace       used 3392K, committed 3584K, reserved 1056768K
  class space    used 355K, committed 448K, reserved 1048576K
}
Event: 2.057 GC heap before
{Heap before GC invocations=1 (full 0):
 garbage-first heap   total 63488K, used 16099K [0x00000000c3a00000, 0x0000000100000000)
  region size 1024K, 12 young (12288K), 2 survivors (2048K)
 Metaspace       used 6428K, committed 6656K, reserved 1056768K
  class space    used 774K, committed 896K, reserved 1048576K
}
Event: 2.062 GC heap after
{Heap after GC invocations=2 (full 0):
 garbage-first heap   total 63488K, used 7833K [0x00000000c3a00000, 0x0000000100000000)
  region size 1024K, 1 young (1024K), 1 survivors (1024K)
 Metaspace       used 6428K, committed 6656K, reserved 1056768K
  class space    used 774K, committed 896K, reserved 1048576K
}
Event: 3.207 GC heap before
{Heap before GC invocations=2 (full 0):
 garbage-first heap   total 63488K, used 29337K [0x00000000c3a00000, 0x0000000100000000)
  region size 1024K, 22 young (22528K), 1 survivors (1024K)
 Metaspace       used 11614K, committed 11968K, reserved 1064960K
  class space    used 1517K, committed 1664K, reserved 1048576K
}
Event: 3.215 GC heap after
{Heap after GC invocations=3 (full 0):
 garbage-first heap   total 63488K, used 9573K [0x00000000c3a00000, 0x0000000100000000)
  region size 1024K, 3 young (3072K), 3 survivors (3072K)
 Metaspace       used 11614K, committed 11968K, reserved 1064960K
  class space    used 1517K, committed 1664K, reserved 1048576K
}
Event: 4.099 GC heap before
{Heap before GC invocations=3 (full 0):
 garbage-first heap   total 63488K, used 33125K [0x00000000c3a00000, 0x0000000100000000)
  region size 1024K, 27 young (27648K), 3 survivors (3072K)
 Metaspace       used 17095K, committed 17408K, reserved 1064960K
  class space    used 2213K, committed 2368K, reserved 1048576K
}
Event: 4.109 GC heap after
{Heap after GC invocations=4 (full 0):
 garbage-first heap   total 63488K, used 12032K [0x00000000c3a00000, 0x0000000100000000)
  region size 1024K, 4 young (4096K), 4 survivors (4096K)
 Metaspace       used 17095K, committed 17408K, reserved 1064960K
  class space    used 2213K, committed 2368K, reserved 1048576K
}
Event: 4.860 GC heap before
{Heap before GC invocations=4 (full 0):
 garbage-first heap   total 63488K, used 33536K [0x00000000c3a00000, 0x0000000100000000)
  region size 1024K, 27 young (27648K), 4 survivors (4096K)
 Metaspace       used 21259K, committed 21504K, reserved 1073152K
  class space    used 2756K, committed 2880K, reserved 1048576K
}
Event: 4.871 GC heap after
{Heap after GC invocations=5 (full 0):
 garbage-first heap   total 63488K, used 14100K [0x00000000c3a00000, 0x0000000100000000)
  region size 1024K, 2 young (2048K), 2 survivors (2048K)
 Metaspace       used 21259K, committed 21504K, reserved 1073152K
  class space    used 2756K, committed 2880K, reserved 1048576K
}
Event: 6.958 GC heap before
{Heap before GC invocations=6 (full 0):
 garbage-first heap   total 51200K, used 41748K [0x00000000c3a00000, 0x0000000100000000)
  region size 1024K, 30 young (30720K), 2 survivors (2048K)
 Metaspace       used 25978K, committed 26368K, reserved 1073152K
  class space    used 3419K, committed 3648K, reserved 1048576K
}
Event: 6.972 GC heap after
{Heap after GC invocations=7 (full 0):
 garbage-first heap   total 51200K, used 16761K [0x00000000c3a00000, 0x0000000100000000)
  region size 1024K, 4 young (4096K), 4 survivors (4096K)
 Metaspace       used 25978K, committed 26368K, reserved 1073152K
  class space    used 3419K, committed 3648K, reserved 1048576K
}
Event: 7.299 GC heap before
{Heap before GC invocations=7 (full 0):
 garbage-first heap   total 51200K, used 17785K [0x00000000c3a00000, 0x0000000100000000)
  region size 1024K, 5 young (5120K), 4 survivors (4096K)
 Metaspace       used 26131K, committed 26496K, reserved 1073152K
  class space    used 3454K, committed 3648K, reserved 1048576K
}
Event: 7.313 GC heap after
{Heap after GC invocations=8 (full 0):
 garbage-first heap   total 51200K, used 17534K [0x00000000c3a00000, 0x0000000100000000)
  region size 1024K, 1 young (1024K), 1 survivors (1024K)
 Metaspace       used 26131K, committed 26496K, reserved 1073152K
  class space    used 3454K, committed 3648K, reserved 1048576K
}
Event: 8.760 GC heap before
{Heap before GC invocations=8 (full 0):
 garbage-first heap   total 51200K, used 36990K [0x00000000c3a00000, 0x0000000100000000)
  region size 1024K, 20 young (20480K), 1 survivors (1024K)
 Metaspace       used 30507K, committed 30912K, reserved 1081344K
  class space    used 4017K, committed 4224K, reserved 1048576K
}
Event: 8.764 GC heap after
{Heap after GC invocations=9 (full 0):
 garbage-first heap   total 51200K, used 18835K [0x00000000c3a00000, 0x0000000100000000)
  region size 1024K, 2 young (2048K), 2 survivors (2048K)
 Metaspace       used 30507K, committed 30912K, reserved 1081344K
  class space    used 4017K, committed 4224K, reserved 1048576K
}
Event: 9.795 GC heap before
{Heap before GC invocations=9 (full 0):
 garbage-first heap   total 51200K, used 34195K [0x00000000c3a00000, 0x0000000100000000)
  region size 1024K, 19 young (19456K), 2 survivors (2048K)
 Metaspace       used 35689K, committed 36096K, reserved 1081344K
  class space    used 4561K, committed 4736K, reserved 1048576K
}
Event: 9.799 GC heap after
{Heap after GC invocations=10 (full 0):
 garbage-first heap   total 51200K, used 20256K [0x00000000c3a00000, 0x0000000100000000)
  region size 1024K, 2 young (2048K), 2 survivors (2048K)
 Metaspace       used 35689K, committed 36096K, reserved 1081344K
  class space    used 4561K, committed 4736K, reserved 1048576K
}
Event: 15.027 GC heap before
{Heap before GC invocations=11 (full 0):
 garbage-first heap   total 51200K, used 38688K [0x00000000c3a00000, 0x0000000100000000)
  region size 1024K, 20 young (20480K), 2 survivors (2048K)
 Metaspace       used 39943K, committed 40384K, reserved 1089536K
  class space    used 5277K, committed 5504K, reserved 1048576K
}
Event: 15.032 GC heap after
{Heap after GC invocations=12 (full 0):
 garbage-first heap   total 51200K, used 20961K [0x00000000c3a00000, 0x0000000100000000)
  region size 1024K, 3 young (3072K), 3 survivors (3072K)
 Metaspace       used 39943K, committed 40384K, reserved 1089536K
  class space    used 5277K, committed 5504K, reserved 1048576K
}

