# JRE version: OpenJDK Runtime Environment Temurin-17.0.4+8 (17.0.4+8) (build 17.0.4+8)
# Java VM: OpenJDK 64-Bit Server VM Temurin-17.0.4+8 (17.0.4+8, mixed mode, sharing, tiered, compressed oops, compressed class ptrs, g1 gc, windows-amd64)
GC Precious Log:
 CPUs: 4 total, 4 available
 Memory: 3863M
 Large Page Support: Disabled
 NUMA Support: Disabled
 Compressed Oops: Enabled (32-bit)
 Heap Region Size: 1M
 Heap Min Capacity: 8M
 Heap Initial Capacity: 62M
 Heap Max Capacity: 966M
 Pre-touch: Disabled
 Parallel Workers: 4
 Concurrent Workers: 1
 Concurrent Refinement Workers: 4
 Periodic GC: Disabled
Heap:
 garbage-first heap   total 78848K, used 52116K [0x00000000c3a00000, 0x0000000100000000)
  region size 1024K, 23 young (23552K), 1 survivors (1024K)
 Metaspace       used 81871K, committed 82688K, reserved 1122304K
  class space    used 11137K, committed 11456K, reserved 1048576K
GC Heap History (20 events):
Event: 1717.465 GC heap before
{Heap before GC invocations=43 (full 0):
 garbage-first heap   total 65536K, used 34235K [0x00000000c3a00000, 0x0000000100000000)
  region size 1024K, 3 young (3072K), 1 survivors (1024K)
 Metaspace       used 81347K, committed 82304K, reserved 1122304K
  class space    used 11117K, committed 11456K, reserved 1048576K
}
Event: 1717.498 GC heap after
{Heap after GC invocations=44 (full 0):
 garbage-first heap   total 65536K, used 31820K [0x00000000c3a00000, 0x0000000100000000)
  region size 1024K, 1 young (1024K), 1 survivors (1024K)
 Metaspace       used 81347K, committed 82304K, reserved 1122304K
  class space    used 11117K, committed 11456K, reserved 1048576K
}
Event: 2090.938 GC heap before
{Heap before GC invocations=44 (full 0):
 garbage-first heap   total 65536K, used 55372K [0x00000000c3a00000, 0x0000000100000000)
  region size 1024K, 24 young (24576K), 1 survivors (1024K)
 Metaspace       used 81368K, committed 82304K, reserved 1122304K
  class space    used 11117K, committed 11456K, reserved 1048576K
}
Event: 2091.044 GC heap after
{Heap after GC invocations=45 (full 0):
 garbage-first heap   total 65536K, used 32003K [0x00000000c3a00000, 0x0000000100000000)
  region size 1024K, 1 young (1024K), 1 survivors (1024K)
 Metaspace       used 81368K, committed 82304K, reserved 1122304K
  class space    used 11117K, committed 11456K, reserved 1048576K
}
Event: 2537.578 GC heap before
{Heap before GC invocations=46 (full 0):
 garbage-first heap   total 65536K, used 55555K [0x00000000c3a00000, 0x0000000100000000)
  region size 1024K, 24 young (24576K), 1 survivors (1024K)
 Metaspace       used 81387K, committed 82304K, reserved 1122304K
  class space    used 11117K, committed 11456K, reserved 1048576K
}
Event: 2537.666 GC heap after
{Heap after GC invocations=47 (full 0):
 garbage-first heap   total 65536K, used 32005K [0x00000000c3a00000, 0x0000000100000000)
  region size 1024K, 1 young (1024K), 1 survivors (1024K)
 Metaspace       used 81387K, committed 82304K, reserved 1122304K
  class space    used 11117K, committed 11456K, reserved 1048576K
}
Event: 2580.051 GC heap before
{Heap before GC invocations=47 (full 0):
 garbage-first heap   total 65536K, used 34053K [0x00000000c3a00000, 0x0000000100000000)
  region size 1024K, 3 young (3072K), 1 survivors (1024K)
 Metaspace       used 81398K, committed 82304K, reserved 1122304K
  class space    used 11117K, committed 11456K, reserved 1048576K
}
Event: 2581.237 GC heap after
{Heap after GC invocations=48 (full 0):
 garbage-first heap   total 65536K, used 31645K [0x00000000c3a00000, 0x0000000100000000)
  region size 1024K, 1 young (1024K), 1 survivors (1024K)
 Metaspace       used 81398K, committed 82304K, reserved 1122304K
  class space    used 11117K, committed 11456K, reserved 1048576K
}
Event: 2921.885 GC heap before
{Heap before GC invocations=48 (full 0):
 garbage-first heap   total 65536K, used 52125K [0x00000000c3a00000, 0x0000000100000000)
  region size 1024K, 21 young (21504K), 1 survivors (1024K)
 Metaspace       used 81437K, committed 82304K, reserved 1122304K
  class space    used 11117K, committed 11456K, reserved 1048576K
}
Event: 2921.953 GC heap after
{Heap after GC invocations=49 (full 0):
 garbage-first heap   total 65536K, used 31720K [0x00000000c3a00000, 0x0000000100000000)
  region size 1024K, 1 young (1024K), 1 survivors (1024K)
 Metaspace       used 81437K, committed 82304K, reserved 1122304K
  class space    used 11117K, committed 11456K, reserved 1048576K
}
Event: 3242.893 GC heap before
{Heap before GC invocations=50 (full 0):
 garbage-first heap   total 65536K, used 56296K [0x00000000c3a00000, 0x0000000100000000)
  region size 1024K, 25 young (25600K), 1 survivors (1024K)
 Metaspace       used 81484K, committed 82368K, reserved 1122304K
  class space    used 11117K, committed 11456K, reserved 1048576K
}
Event: 3242.950 GC heap after
{Heap after GC invocations=51 (full 0):
 garbage-first heap   total 78848K, used 31993K [0x00000000c3a00000, 0x0000000100000000)
  region size 1024K, 1 young (1024K), 1 survivors (1024K)
 Metaspace       used 81484K, committed 82368K, reserved 1122304K
  class space    used 11117K, committed 11456K, reserved 1048576K
}
Event: 3255.489 GC heap before
{Heap before GC invocations=51 (full 0):
 garbage-first heap   total 78848K, used 34041K [0x00000000c3a00000, 0x0000000100000000)
  region size 1024K, 3 young (3072K), 1 survivors (1024K)
 Metaspace       used 81486K, committed 82368K, reserved 1122304K
  class space    used 11117K, committed 11456K, reserved 1048576K
}
Event: 3255.524 GC heap after
{Heap after GC invocations=52 (full 0):
 garbage-first heap   total 78848K, used 31661K [0x00000000c3a00000, 0x0000000100000000)
  region size 1024K, 1 young (1024K), 1 survivors (1024K)
 Metaspace       used 81486K, committed 82368K, reserved 1122304K
  class space    used 11117K, committed 11456K, reserved 1048576K
}
Event: 27309.887 GC heap before
{Heap before GC invocations=52 (full 0):
 garbage-first heap   total 78848K, used 67501K [0x00000000c3a00000, 0x0000000100000000)
  region size 1024K, 36 young (36864K), 1 survivors (1024K)
 Metaspace       used 81638K, committed 82432K, reserved 1122304K
  class space    used 11138K, committed 11456K, reserved 1048576K
}
Event: 27310.107 GC heap after
{Heap after GC invocations=53 (full 0):
 garbage-first heap   total 78848K, used 32134K [0x00000000c3a00000, 0x0000000100000000)
  region size 1024K, 2 young (2048K), 2 survivors (2048K)
 Metaspace       used 81638K, committed 82432K, reserved 1122304K
  class space    used 11138K, committed 11456K, reserved 1048576K
}
Event: 28009.738 GC heap before
{Heap before GC invocations=54 (full 0):
 garbage-first heap   total 78848K, used 66950K [0x00000000c3a00000, 0x0000000100000000)
  region size 1024K, 36 young (36864K), 2 survivors (2048K)
 Metaspace       used 81644K, committed 82432K, reserved 1122304K
  class space    used 11137K, committed 11456K, reserved 1048576K
}
Event: 28009.883 GC heap after
{Heap after GC invocations=55 (full 0):
 garbage-first heap   total 78848K, used 31945K [0x00000000c3a00000, 0x0000000100000000)
  region size 1024K, 1 young (1024K), 1 survivors (1024K)
 Metaspace       used 81644K, committed 82432K, reserved 1122304K
  class space    used 11137K, committed 11456K, reserved 1048576K
}
Event: 28049.031 GC heap before
{Heap before GC invocations=55 (full 0):
 garbage-first heap   total 78848K, used 33993K [0x00000000c3a00000, 0x0000000100000000)
  region size 1024K, 3 young (3072K), 1 survivors (1024K)
 Metaspace       used 81644K, committed 82432K, reserved 1122304K
  class space    used 11137K, committed 11456K, reserved 1048576K
}
Event: 28049.152 GC heap after
{Heap after GC invocations=56 (full 0):
 garbage-first heap   total 78848K, used 31636K [0x00000000c3a00000, 0x0000000100000000)
  region size 1024K, 1 young (1024K), 1 survivors (1024K)
 Metaspace       used 81644K, committed 82432K, reserved 1122304K
  class space    used 11137K, committed 11456K, reserved 1048576K
}

